TN:
SF:src/iot-parser.ts
FN:6,IotParser
FN:19,Object.<anonymous>.IotParser.parse
FN:48,Object.<anonymous>.IotParser._capitalize
FN:52,Object.<anonymous>.IotParser._setupVariables
FN:96,Object.<anonymous>.IotParser._setupEvents
FN:111,Object.<anonymous>.IotParser._setupConstructor
FN:127,Object.<anonymous>.IotParser._setupFunctions
FN:158,Object.<anonymous>.IotParser._setupGetValues
FN:166,Object.<anonymous>.IotParser._setupSetMeasures
FN:187,Object.<anonymous>.IotParser._setupController
FNF:10
FNH:10
FNDA:1,IotParser
FNDA:1,Object.<anonymous>.IotParser.parse
FNDA:18,Object.<anonymous>.IotParser._capitalize
FNDA:1,Object.<anonymous>.IotParser._setupVariables
FNDA:1,Object.<anonymous>.IotParser._setupEvents
FNDA:1,Object.<anonymous>.IotParser._setupConstructor
FNDA:1,Object.<anonymous>.IotParser._setupFunctions
FNDA:1,Object.<anonymous>.IotParser._setupGetValues
FNDA:1,Object.<anonymous>.IotParser._setupSetMeasures
FNDA:1,Object.<anonymous>.IotParser._setupController
DA:1,1
DA:2,1
DA:3,1
DA:4,1
DA:5,1
DA:6,1
DA:7,1
DA:8,1
DA:9,1
DA:10,1
DA:11,1
DA:12,1
DA:13,1
DA:14,1
DA:15,1
DA:16,1
DA:17,1
DA:18,1
DA:19,1
DA:20,1
DA:21,1
DA:22,1
DA:23,1
DA:24,1
DA:25,1
DA:26,1
DA:27,1
DA:28,1
DA:29,1
DA:30,1
DA:31,1
DA:32,1
DA:33,1
DA:34,1
DA:35,1
DA:36,1
DA:37,1
DA:38,1
DA:39,1
DA:40,1
DA:41,1
DA:42,1
DA:43,1
DA:44,1
DA:45,1
DA:46,1
DA:47,1
DA:48,1
DA:49,18
DA:50,18
DA:51,1
DA:52,1
DA:53,1
DA:54,1
DA:55,1
DA:56,1
DA:57,1
DA:58,2
DA:59,2
DA:60,2
DA:61,2
DA:62,2
DA:63,0
DA:64,0
DA:65,2
DA:66,2
DA:67,2
DA:68,2
DA:69,0
DA:70,0
DA:71,0
DA:72,2
DA:73,2
DA:74,2
DA:75,2
DA:76,2
DA:77,2
DA:78,2
DA:79,2
DA:80,2
DA:81,2
DA:82,2
DA:83,2
DA:84,2
DA:85,2
DA:86,2
DA:87,2
DA:88,2
DA:89,2
DA:90,2
DA:91,2
DA:92,2
DA:93,1
DA:94,1
DA:95,1
DA:96,1
DA:97,1
DA:98,2
DA:99,2
DA:100,2
DA:101,2
DA:102,2
DA:103,2
DA:104,2
DA:105,2
DA:106,2
DA:107,2
DA:108,1
DA:109,1
DA:110,1
DA:111,1
DA:112,1
DA:113,1
DA:114,1
DA:115,1
DA:116,1
DA:117,1
DA:118,1
DA:119,1
DA:120,4
DA:121,1
DA:122,1
DA:123,1
DA:124,1
DA:125,1
DA:126,1
DA:127,1
DA:128,1
DA:129,1
DA:130,2
DA:131,2
DA:132,0
DA:133,0
DA:134,0
DA:135,0
DA:136,0
DA:137,2
DA:138,2
DA:139,2
DA:140,2
DA:141,2
DA:142,2
DA:143,2
DA:144,2
DA:145,2
DA:146,2
DA:147,2
DA:148,2
DA:149,2
DA:150,2
DA:151,2
DA:152,2
DA:153,2
DA:154,2
DA:155,1
DA:156,1
DA:157,1
DA:158,1
DA:159,1
DA:160,1
DA:161,1
DA:162,2
DA:163,1
DA:164,1
DA:165,1
DA:166,1
DA:167,1
DA:168,2
DA:169,2
DA:170,2
DA:171,2
DA:172,2
DA:173,2
DA:174,2
DA:175,2
DA:176,2
DA:177,2
DA:178,2
DA:179,2
DA:180,2
DA:181,2
DA:182,2
DA:183,2
DA:184,1
DA:185,1
DA:186,1
DA:187,1
DA:188,1
DA:189,1
DA:190,1
DA:191,1
DA:192,1
DA:193,1
DA:194,1
DA:195,1
DA:196,1
DA:197,1
DA:198,1
DA:199,1
DA:200,1
DA:201,1
DA:202,1
DA:203,1
DA:204,1
DA:205,1
DA:206,1
DA:207,1
DA:208,1
DA:209,1
DA:210,1
DA:211,1
DA:212,1
DA:213,1
DA:214,1
DA:215,1
LF:215
LH:205
BRDA:6,0,0,1
BRDA:6,1,0,1
BRDA:19,2,0,1
BRDA:26,3,0,1
BRDA:48,4,0,18
BRDA:52,5,0,1
BRDA:57,6,0,2
BRDA:59,7,0,0
BRDA:62,8,0,0
BRDA:68,9,0,0
BRDA:96,10,0,1
BRDA:97,11,0,2
BRDA:111,12,0,1
BRDA:119,13,0,4
BRDA:127,14,0,1
BRDA:129,15,0,2
BRDA:131,16,0,0
BRDA:131,17,0,0
BRDA:158,18,0,1
BRDA:161,19,0,2
BRDA:166,20,0,1
BRDA:167,21,0,2
BRDA:187,22,0,1
BRF:23
BRH:18
end_of_record
